# JRE version: OpenJDK Runtime Environment (8.0_152-b02) (build 1.8.0_152-release-1024-b02)
# Java VM: OpenJDK 64-Bit Server VM (25.152-b02 mixed mode windows-amd64 compressed oops)
Heap:
 PSYoungGen      total 137728K, used 38138K [0x00000000e0000000, 0x00000000ebd00000, 0x0000000100000000)
  eden space 116224K, 14% used [0x00000000e0000000,0x00000000e103eaa0,0x00000000e7180000)
  from space 21504K, 99% used [0x00000000e9080000,0x00000000ea57ff58,0x00000000ea580000)
  to   space 31744K, 0% used [0x00000000e7180000,0x00000000e7180000,0x00000000e9080000)
 ParOldGen       total 95744K, used 54580K [0x00000000a0000000, 0x00000000a5d80000, 0x00000000e0000000)
  object space 95744K, 57% used [0x00000000a0000000,0x00000000a354d2a8,0x00000000a5d80000)
 Metaspace       used 70990K, capacity 74035K, committed 74072K, reserved 1114112K
  class space    used 9448K, capacity 10105K, committed 10112K, reserved 1048576K
GC Heap History (10 events):
Event: 110.764 GC heap before
{Heap before GC invocations=17 (full 2):
 PSYoungGen      total 102400K, used 102307K [0x00000000e0000000, 0x00000000e7780000, 0x0000000100000000)
  eden space 90112K, 99% used [0x00000000e0000000,0x00000000e57eff40,0x00000000e5800000)
  from space 12288K, 99% used [0x00000000e6700000,0x00000000e72f8d90,0x00000000e7300000)
  to   space 15360K, 0% used [0x00000000e5800000,0x00000000e5800000,0x00000000e6700000)
 ParOldGen       total 56320K, used 20961K [0x00000000a0000000, 0x00000000a3700000, 0x00000000e0000000)
  object space 56320K, 37% used [0x00000000a0000000,0x00000000a14787b8,0x00000000a3700000)
 Metaspace       used 54656K, capacity 56399K, committed 56536K, reserved 1097728K
  class space    used 7443K, capacity 7875K, committed 7936K, reserved 1048576K
Event: 110.858 GC heap after
Heap after GC invocations=17 (full 2):
 PSYoungGen      total 105472K, used 15346K [0x00000000e0000000, 0x00000000e9900000, 0x0000000100000000)
  eden space 90112K, 0% used [0x00000000e0000000,0x00000000e0000000,0x00000000e5800000)
  from space 15360K, 99% used [0x00000000e5800000,0x00000000e66fc930,0x00000000e6700000)
  to   space 21504K, 0% used [0x00000000e8400000,0x00000000e8400000,0x00000000e9900000)
 ParOldGen       total 56320K, used 32079K [0x00000000a0000000, 0x00000000a3700000, 0x00000000e0000000)
  object space 56320K, 56% used [0x00000000a0000000,0x00000000a1f53f90,0x00000000a3700000)
 Metaspace       used 54656K, capacity 56399K, committed 56536K, reserved 1097728K
  class space    used 7443K, capacity 7875K, committed 7936K, reserved 1048576K
}
Event: 313.360 GC heap before
{Heap before GC invocations=18 (full 2):
 PSYoungGen      total 105472K, used 104278K [0x00000000e0000000, 0x00000000e9900000, 0x0000000100000000)
  eden space 90112K, 98% used [0x00000000e0000000,0x00000000e56d8f08,0x00000000e5800000)
  from space 15360K, 99% used [0x00000000e5800000,0x00000000e66fc930,0x00000000e6700000)
  to   space 21504K, 0% used [0x00000000e8400000,0x00000000e8400000,0x00000000e9900000)
 ParOldGen       total 56320K, used 32079K [0x00000000a0000000, 0x00000000a3700000, 0x00000000e0000000)
  object space 56320K, 56% used [0x00000000a0000000,0x00000000a1f53f90,0x00000000a3700000)
 Metaspace       used 57216K, capacity 58987K, committed 59028K, reserved 1099776K
  class space    used 7741K, capacity 8181K, committed 8192K, reserved 1048576K
Event: 313.619 GC heap after
Heap after GC invocations=18 (full 2):
 PSYoungGen      total 131072K, used 14788K [0x00000000e0000000, 0x00000000e9800000, 0x0000000100000000)
  eden space 110592K, 0% used [0x00000000e0000000,0x00000000e0000000,0x00000000e6c00000)
  from space 20480K, 72% used [0x00000000e8400000,0x00000000e92710f0,0x00000000e9800000)
  to   space 22528K, 0% used [0x00000000e6c00000,0x00000000e6c00000,0x00000000e8200000)
 ParOldGen       total 56320K, used 38690K [0x00000000a0000000, 0x00000000a3700000, 0x00000000e0000000)
  object space 56320K, 68% used [0x00000000a0000000,0x00000000a25c8908,0x00000000a3700000)
 Metaspace       used 57216K, capacity 58987K, committed 59028K, reserved 1099776K
  class space    used 7741K, capacity 8181K, committed 8192K, reserved 1048576K
}
Event: 313.619 GC heap before
{Heap before GC invocations=19 (full 3):
 PSYoungGen      total 131072K, used 14788K [0x00000000e0000000, 0x00000000e9800000, 0x0000000100000000)
  eden space 110592K, 0% used [0x00000000e0000000,0x00000000e0000000,0x00000000e6c00000)
  from space 20480K, 72% used [0x00000000e8400000,0x00000000e92710f0,0x00000000e9800000)
  to   space 22528K, 0% used [0x00000000e6c00000,0x00000000e6c00000,0x00000000e8200000)
 ParOldGen       total 56320K, used 38690K [0x00000000a0000000, 0x00000000a3700000, 0x00000000e0000000)
  object space 56320K, 68% used [0x00000000a0000000,0x00000000a25c8908,0x00000000a3700000)
 Metaspace       used 57216K, capacity 58987K, committed 59028K, reserved 1099776K
  class space    used 7741K, capacity 8181K, committed 8192K, reserved 1048576K
Event: 314.931 GC heap after
Heap after GC invocations=19 (full 3):
 PSYoungGen      total 131072K, used 0K [0x00000000e0000000, 0x00000000e9800000, 0x0000000100000000)
  eden space 110592K, 0% used [0x00000000e0000000,0x00000000e0000000,0x00000000e6c00000)
  from space 20480K, 0% used [0x00000000e8400000,0x00000000e8400000,0x00000000e9800000)
  to   space 22528K, 0% used [0x00000000e6c00000,0x00000000e6c00000,0x00000000e8200000)
 ParOldGen       total 95744K, used 35705K [0x00000000a0000000, 0x00000000a5d80000, 0x00000000e0000000)
  object space 95744K, 37% used [0x00000000a0000000,0x00000000a22de7f8,0x00000000a5d80000)
 Metaspace       used 57216K, capacity 58987K, committed 59028K, reserved 1099776K
  class space    used 7741K, capacity 8181K, committed 8192K, reserved 1048576K
}
Event: 357.254 GC heap before
{Heap before GC invocations=20 (full 3):
 PSYoungGen      total 131072K, used 110592K [0x00000000e0000000, 0x00000000e9800000, 0x0000000100000000)
  eden space 110592K, 100% used [0x00000000e0000000,0x00000000e6c00000,0x00000000e6c00000)
  from space 20480K, 0% used [0x00000000e8400000,0x00000000e8400000,0x00000000e9800000)
  to   space 22528K, 0% used [0x00000000e6c00000,0x00000000e6c00000,0x00000000e8200000)
 ParOldGen       total 95744K, used 35705K [0x00000000a0000000, 0x00000000a5d80000, 0x00000000e0000000)
  object space 95744K, 37% used [0x00000000a0000000,0x00000000a22de7f8,0x00000000a5d80000)
 Metaspace       used 64126K, capacity 66151K, committed 66392K, reserved 1105920K
  class space    used 8510K, capacity 9007K, committed 9088K, reserved 1048576K
Event: 357.325 GC heap after
Heap after GC invocations=20 (full 3):
 PSYoungGen      total 133120K, used 8698K [0x00000000e0000000, 0x00000000ea580000, 0x0000000100000000)
  eden space 110592K, 0% used [0x00000000e0000000,0x00000000e0000000,0x00000000e6c00000)
  from space 22528K, 38% used [0x00000000e6c00000,0x00000000e747ead8,0x00000000e8200000)
  to   space 21504K, 0% used [0x00000000e9080000,0x00000000e9080000,0x00000000ea580000)
 ParOldGen       total 95744K, used 35721K [0x00000000a0000000, 0x00000000a5d80000, 0x00000000e0000000)
  object space 95744K, 37% used [0x00000000a0000000,0x00000000a22e27f8,0x00000000a5d80000)
 Metaspace       used 64126K, capacity 66151K, committed 66392K, reserved 1105920K
  class space    used 8510K, capacity 9007K, committed 9088K, reserved 1048576K
}
Event: 388.453 GC heap before
{Heap before GC invocations=21 (full 3):
 PSYoungGen      total 133120K, used 119290K [0x00000000e0000000, 0x00000000ea580000, 0x0000000100000000)
  eden space 110592K, 100% used [0x00000000e0000000,0x00000000e6c00000,0x00000000e6c00000)
  from space 22528K, 38% used [0x00000000e6c00000,0x00000000e747ead8,0x00000000e8200000)
  to   space 21504K, 0% used [0x00000000e9080000,0x00000000e9080000,0x00000000ea580000)
 ParOldGen       total 95744K, used 35721K [0x00000000a0000000, 0x00000000a5d80000, 0x00000000e0000000)
  object space 95744K, 37% used [0x00000000a0000000,0x00000000a22e27f8,0x00000000a5d80000)
 Metaspace       used 70855K, capacity 73887K, committed 74072K, reserved 1114112K
  class space    used 9445K, capacity 10103K, committed 10112K, reserved 1048576K
Event: 388.766 GC heap after
Heap after GC invocations=21 (full 3):
 PSYoungGen      total 137728K, used 21503K [0x00000000e0000000, 0x00000000ebd00000, 0x0000000100000000)
  eden space 116224K, 0% used [0x00000000e0000000,0x00000000e0000000,0x00000000e7180000)
  from space 21504K, 99% used [0x00000000e9080000,0x00000000ea57ff58,0x00000000ea580000)
  to   space 31744K, 0% used [0x00000000e7180000,0x00000000e7180000,0x00000000e9080000)
 ParOldGen       total 95744K, used 54580K [0x00000000a0000000, 0x00000000a5d80000, 0x00000000e0000000)
  object space 95744K, 57% used [0x00000000a0000000,0x00000000a354d2a8,0x00000000a5d80000)
 Metaspace       used 70855K, capacity 73887K, committed 74072K, reserved 1114112K
  class space    used 9445K, capacity 10103K, committed 10112K, reserved 1048576K
}

